Build started 8/19/2012 4:41:53 PM.
     1>Project "C:\Users\Raziel\documents\visual studio 2010\Projects\hexchat_winampctrl\hexchat_winampctrl\hexchat_winampctrl.vcxproj" on node 2 (build target(s)).
     1>InitializeBuildStatus:
         Creating "x64\Release\hexchat_winampctrl.unsuccessfulbuild" because "AlwaysCreate" was specified.
       ClCompile:
         c:\Program Files (x86)\Microsoft Visual Studio 10.0\VC\bin\x86_amd64\CL.exe /c /Zi /nologo /W3 /WX- /O2 /Oi /GL /D WIN32 /D NDEBUG /D _CONSOLE /D _WINDLL /D _UNICODE /D UNICODE /Gm- /EHsc /MD /GS /Gy /fp:precise /Zc:wchar_t /Zc:forScope /Fo"x64\Release\\" /Fd"x64\Release\vc100.pdb" /Gd /TP /errorReport:prompt hexchat_winampctrl.cpp
         hexchat_winampctrl.cpp
     1>hexchat_winampctrl.cpp(96): warning C4267: 'argument' : conversion from 'size_t' to 'int', possible loss of data
     1>hexchat_winampctrl.cpp(99): warning C4244: '=' : conversion from 'LRESULT' to 'long', possible loss of data
     1>hexchat_winampctrl.cpp(105): warning C4244: '=' : conversion from 'LRESULT' to 'long', possible loss of data
     1>hexchat_winampctrl.cpp(111): warning C4244: '=' : conversion from 'LRESULT' to 'long', possible loss of data
     1>hexchat_winampctrl.cpp(117): warning C4244: '=' : conversion from 'LRESULT' to 'long', possible loss of data
     1>hexchat_winampctrl.cpp(139): warning C4244: '=' : conversion from 'LRESULT' to 'long', possible loss of data
     1>hexchat_winampctrl.cpp(171): warning C4267: 'argument' : conversion from 'size_t' to 'int', possible loss of data
     1>hexchat_winampctrl.cpp(179): warning C4267: 'argument' : conversion from 'size_t' to 'int', possible loss of data
     1>hexchat_winampctrl.cpp(207): warning C4267: 'argument' : conversion from 'size_t' to 'int', possible loss of data
       Link:
         c:\Program Files (x86)\Microsoft Visual Studio 10.0\VC\bin\x86_amd64\link.exe /ERRORREPORT:PROMPT /OUT:"C:\Users\Raziel\documents\visual studio 2010\Projects\hexchat_winampctrl\x64\Release\hexchat_winampctrl.dll" /INCREMENTAL:NO /NOLOGO kernel32.lib user32.lib gdi32.lib winspool.lib comdlg32.lib advapi32.lib shell32.lib ole32.lib oleaut32.lib uuid.lib odbc32.lib odbccp32.lib /MANIFEST /ManifestFile:"x64\Release\hexchat_winampctrl.dll.intermediate.manifest" /MANIFESTUAC:"level='asInvoker' uiAccess='false'" /DEBUG /PDB:"C:\Users\Raziel\documents\visual studio 2010\Projects\hexchat_winampctrl\x64\Release\hexchat_winampctrl.pdb" /SUBSYSTEM:CONSOLE /OPT:REF /OPT:ICF /LTCG /TLBID:1 /DYNAMICBASE /NXCOMPAT /IMPLIB:"C:\Users\Raziel\documents\visual studio 2010\Projects\hexchat_winampctrl\x64\Release\hexchat_winampctrl.lib" /MACHINE:X64 /DLL x64\Release\hexchat_winampctrl.obj /SUBSYSTEM:WINDOWS /def:plugin.def /base:0x00d40000 
            Creating library C:\Users\Raziel\documents\visual studio 2010\Projects\hexchat_winampctrl\x64\Release\hexchat_winampctrl.lib and object C:\Users\Raziel\documents\visual studio 2010\Projects\hexchat_winampctrl\x64\Release\hexchat_winampctrl.exp
         Generating code
         Finished generating code
         hexchat_winampctrl.vcxproj -> C:\Users\Raziel\documents\visual studio 2010\Projects\hexchat_winampctrl\x64\Release\hexchat_winampctrl.dll
       Manifest:
         C:\Program Files (x86)\Microsoft SDKs\Windows\v7.0A\bin\mt.exe /nologo /verbose /outputresource:"C:\Users\Raziel\documents\visual studio 2010\Projects\hexchat_winampctrl\x64\Release\hexchat_winampctrl.dll;#2" /manifest x64\Release\hexchat_winampctrl.dll.intermediate.manifest
       FinalizeBuildStatus:
         Deleting file "x64\Release\hexchat_winampctrl.unsuccessfulbuild".
         Touching "x64\Release\hexchat_winampctrl.lastbuildstate".
     1>Done Building Project "C:\Users\Raziel\documents\visual studio 2010\Projects\hexchat_winampctrl\hexchat_winampctrl\hexchat_winampctrl.vcxproj" (build target(s)).

Build succeeded.

Time Elapsed 00:00:01.02
