Build started 8/12/2012 1:44:32 PM.
     1>Project "c:\Users\Raziel\documents\visual studio 2010\Projects\hexchat_winampctrl\hexchat_winampctrl\hexchat_winampctrl.vcxproj" on node 2 (build target(s)).
     1>InitializeBuildStatus:
         Touching "Debug\hexchat_winampctrl.unsuccessfulbuild".
       ClCompile:
         All outputs are up-to-date.
         c:\Program Files (x86)\Microsoft Visual Studio 10.0\VC\bin\CL.exe /c /ZI /nologo /W3 /WX- /Od /Oy- /D WIN32 /D _DEBUG /D _CONSOLE /D _WINDLL /D _UNICODE /D UNICODE /Gm /EHsc /RTC1 /MDd /GS /fp:precise /Zc:wchar_t /Zc:forScope /Yc"StdAfx.h" /Fp"Debug\hexchat_winampctrl.pch" /Fo"Debug\\" /Fd"Debug\vc100.pdb" /Gd /TP /analyze- /errorReport:prompt stdafx.cpp
         stdafx.cpp
         c:\Program Files (x86)\Microsoft Visual Studio 10.0\VC\bin\CL.exe /c /ZI /nologo /W3 /WX- /Od /Oy- /D WIN32 /D _DEBUG /D _CONSOLE /D _WINDLL /D _UNICODE /D UNICODE /Gm /EHsc /RTC1 /MDd /GS /fp:precise /Zc:wchar_t /Zc:forScope /Yu"StdAfx.h" /Fp"Debug\hexchat_winampctrl.pch" /Fo"Debug\\" /Fd"Debug\vc100.pdb" /Gd /TP /analyze- /errorReport:prompt hexchat_winampctrl.cpp
         hexchat_winampctrl.cpp
     1>c:\users\raziel\documents\visual studio 2010\projects\hexchat_winampctrl\hexchat_winampctrl\hexchat_winampctrl.cpp(69): warning C4996: 'mbstowcs': This function or variable may be unsafe. Consider using mbstowcs_s instead. To disable deprecation, use _CRT_SECURE_NO_WARNINGS. See online help for details.
                 c:\program files (x86)\microsoft visual studio 10.0\vc\include\stdlib.h(498) : see declaration of 'mbstowcs'
     1>c:\users\raziel\documents\visual studio 2010\projects\hexchat_winampctrl\hexchat_winampctrl\hexchat_winampctrl.cpp(89): warning C4996: 'strcpy': This function or variable may be unsafe. Consider using strcpy_s instead. To disable deprecation, use _CRT_SECURE_NO_WARNINGS. See online help for details.
                 c:\program files (x86)\microsoft visual studio 10.0\vc\include\string.h(105) : see declaration of 'strcpy'
     1>c:\users\raziel\documents\visual studio 2010\projects\hexchat_winampctrl\hexchat_winampctrl\hexchat_winampctrl.cpp(99): warning C4996: 'strncpy': This function or variable may be unsafe. Consider using strncpy_s instead. To disable deprecation, use _CRT_SECURE_NO_WARNINGS. See online help for details.
                 c:\program files (x86)\microsoft visual studio 10.0\vc\include\string.h(188) : see declaration of 'strncpy'
     1>c:\users\raziel\documents\visual studio 2010\projects\hexchat_winampctrl\hexchat_winampctrl\hexchat_winampctrl.cpp(159): warning C4996: 'sprintf': This function or variable may be unsafe. Consider using sprintf_s instead. To disable deprecation, use _CRT_SECURE_NO_WARNINGS. See online help for details.
                 c:\program files (x86)\microsoft visual studio 10.0\vc\include\stdio.h(371) : see declaration of 'sprintf'
     1>c:\users\raziel\documents\visual studio 2010\projects\hexchat_winampctrl\hexchat_winampctrl\hexchat_winampctrl.cpp(161): warning C4996: 'sprintf': This function or variable may be unsafe. Consider using sprintf_s instead. To disable deprecation, use _CRT_SECURE_NO_WARNINGS. See online help for details.
                 c:\program files (x86)\microsoft visual studio 10.0\vc\include\stdio.h(371) : see declaration of 'sprintf'
     1>c:\users\raziel\documents\visual studio 2010\projects\hexchat_winampctrl\hexchat_winampctrl\hexchat_winampctrl.cpp(181): warning C4996: 'sprintf': This function or variable may be unsafe. Consider using sprintf_s instead. To disable deprecation, use _CRT_SECURE_NO_WARNINGS. See online help for details.
                 c:\program files (x86)\microsoft visual studio 10.0\vc\include\stdio.h(371) : see declaration of 'sprintf'
     1>c:\users\raziel\documents\visual studio 2010\projects\hexchat_winampctrl\hexchat_winampctrl\hexchat_winampctrl.cpp(183): warning C4996: 'sprintf': This function or variable may be unsafe. Consider using sprintf_s instead. To disable deprecation, use _CRT_SECURE_NO_WARNINGS. See online help for details.
                 c:\program files (x86)\microsoft visual studio 10.0\vc\include\stdio.h(371) : see declaration of 'sprintf'
       ManifestResourceCompile:
         All outputs are up-to-date.
         C:\Program Files (x86)\Microsoft SDKs\Windows\v7.0A\bin\rc.exe /nologo /fo"Debug\hexchat_winampctrl.dll.embed.manifest.res" Debug\hexchat_winampctrl_manifest.rc 
       Link:
         c:\Program Files (x86)\Microsoft Visual Studio 10.0\VC\bin\link.exe /ERRORREPORT:PROMPT /OUT:"c:\users\raziel\documents\visual studio 2010\Projects\hexchat_winampctrl\Debug\hexchat_winampctrl.dll" /INCREMENTAL /NOLOGO kernel32.lib user32.lib gdi32.lib winspool.lib comdlg32.lib advapi32.lib shell32.lib ole32.lib oleaut32.lib uuid.lib odbc32.lib odbccp32.lib /MANIFEST /ManifestFile:"Debug\hexchat_winampctrl.dll.intermediate.manifest" /MANIFESTUAC:"level='asInvoker' uiAccess='false'" /DEBUG /PDB:"c:\users\raziel\documents\visual studio 2010\Projects\hexchat_winampctrl\Debug\hexchat_winampctrl.pdb" /SUBSYSTEM:CONSOLE /TLBID:1 /DYNAMICBASE /NXCOMPAT /IMPLIB:"c:\users\raziel\documents\visual studio 2010\Projects\hexchat_winampctrl\Debug\hexchat_winampctrl.lib" /MACHINE:X86 /DLL Debug\hexchat_winampctrl.dll.embed.manifest.res
         Debug\hexchat_winampctrl.obj
         Debug\stdafx.obj
       Manifest:
         C:\Program Files (x86)\Microsoft SDKs\Windows\v7.0A\bin\mt.exe /nologo /verbose /out:"Debug\hexchat_winampctrl.dll.embed.manifest" /manifest Debug\hexchat_winampctrl.dll.intermediate.manifest
         All outputs are up-to-date.
       LinkEmbedManifest:
         All outputs are up-to-date.
         hexchat_winampctrl.vcxproj -> c:\users\raziel\documents\visual studio 2010\Projects\hexchat_winampctrl\Debug\hexchat_winampctrl.dll
       FinalizeBuildStatus:
         Deleting file "Debug\hexchat_winampctrl.unsuccessfulbuild".
         Touching "Debug\hexchat_winampctrl.lastbuildstate".
     1>Done Building Project "c:\Users\Raziel\documents\visual studio 2010\Projects\hexchat_winampctrl\hexchat_winampctrl\hexchat_winampctrl.vcxproj" (build target(s)).

Build succeeded.

Time Elapsed 00:00:01.17
